Determining if the pthread_create exist failed with the following output:
Change Dir: /home/slh/faiss_index/build/CMakeFiles/CMakeTmp

Run Build Command:"/usr/bin/make" "cmTC_b0383/fast"
/usr/bin/make -f CMakeFiles/cmTC_b0383.dir/build.make CMakeFiles/cmTC_b0383.dir/build
make[1]: Entering directory '/home/slh/faiss_index/build/CMakeFiles/CMakeTmp'
Building C object CMakeFiles/cmTC_b0383.dir/CheckSymbolExists.c.o
/usr/bin/cc    -fPIC    -o CMakeFiles/cmTC_b0383.dir/CheckSymbolExists.c.o   -c /home/slh/faiss_index/build/CMakeFiles/CMakeTmp/CheckSymbolExists.c
Linking C executable cmTC_b0383
/usr/bin/cmake -E cmake_link_script CMakeFiles/cmTC_b0383.dir/link.txt --verbose=1
/usr/bin/cc  -fPIC     CMakeFiles/cmTC_b0383.dir/CheckSymbolExists.c.o  -o cmTC_b0383 
CMakeFiles/cmTC_b0383.dir/CheckSymbolExists.c.o: In function `main':
CheckSymbolExists.c:(.text+0x1b): undefined reference to `pthread_create'
collect2: error: ld returned 1 exit status
CMakeFiles/cmTC_b0383.dir/build.make:97: recipe for target 'cmTC_b0383' failed
make[1]: *** [cmTC_b0383] Error 1
make[1]: Leaving directory '/home/slh/faiss_index/build/CMakeFiles/CMakeTmp'
Makefile:126: recipe for target 'cmTC_b0383/fast' failed
make: *** [cmTC_b0383/fast] Error 2

File /home/slh/faiss_index/build/CMakeFiles/CMakeTmp/CheckSymbolExists.c:
/* */
#include <pthread.h>

int main(int argc, char** argv)
{
  (void)argv;
#ifndef pthread_create
  return ((int*)(&pthread_create))[argc];
#else
  (void)argc;
  return 0;
#endif
}

Determining if the function pthread_create exists in the pthreads failed with the following output:
Change Dir: /home/slh/faiss_index/build/CMakeFiles/CMakeTmp

Run Build Command:"/usr/bin/make" "cmTC_457bc/fast"
/usr/bin/make -f CMakeFiles/cmTC_457bc.dir/build.make CMakeFiles/cmTC_457bc.dir/build
make[1]: Entering directory '/home/slh/faiss_index/build/CMakeFiles/CMakeTmp'
Building C object CMakeFiles/cmTC_457bc.dir/CheckFunctionExists.c.o
/usr/bin/cc    -fPIC -DCHECK_FUNCTION_EXISTS=pthread_create   -o CMakeFiles/cmTC_457bc.dir/CheckFunctionExists.c.o   -c /usr/share/cmake-3.5/Modules/CheckFunctionExists.c
Linking C executable cmTC_457bc
/usr/bin/cmake -E cmake_link_script CMakeFiles/cmTC_457bc.dir/link.txt --verbose=1
/usr/bin/cc  -fPIC -DCHECK_FUNCTION_EXISTS=pthread_create    CMakeFiles/cmTC_457bc.dir/CheckFunctionExists.c.o  -o cmTC_457bc -lpthreads 
/usr/bin/ld: cannot find -lpthreads
collect2: error: ld returned 1 exit status
CMakeFiles/cmTC_457bc.dir/build.make:97: recipe for target 'cmTC_457bc' failed
make[1]: *** [cmTC_457bc] Error 1
make[1]: Leaving directory '/home/slh/faiss_index/build/CMakeFiles/CMakeTmp'
Makefile:126: recipe for target 'cmTC_457bc/fast' failed
make: *** [cmTC_457bc/fast] Error 2


